c:\users\nourn\source\repos\demoo\demoo\x64\debug\main.obj
c:\users\nourn\source\repos\demoo\demoo\x64\debug\square.obj
c:\users\nourn\source\repos\demoo\demoo\x64\debug\piece.obj
c:\users\nourn\source\repos\demoo\demoo\x64\debug\bishop.obj
c:\users\nourn\source\repos\demoo\demoo\x64\debug\board.obj
c:\users\nourn\source\repos\demoo\demoo\x64\debug\knight.obj
c:\users\nourn\source\repos\demoo\demoo\x64\debug\allpossiblemoves.obj
c:\users\nourn\source\repos\demoo\demoo\x64\debug\rook.obj
c:\users\nourn\source\repos\demoo\demoo\x64\debug\pawn.obj
c:\users\nourn\source\repos\demoo\demoo\x64\debug\king.obj
c:\users\nourn\source\repos\demoo\demoo\x64\debug\queen.obj
c:\users\nourn\source\repos\demoo\demoo\x64\debug\qrc_demoo.obj
c:\users\nourn\source\repos\demoo\demoo\x64\debug\moc_demoo.obj
c:\users\nourn\source\repos\demoo\demoo\x64\debug\vc142.pdb
c:\users\nourn\source\repos\demoo\demoo\x64\debug\demoo.obj
c:\users\nourn\source\repos\demoo\demoo\x64\debug\uic\ui_demoo.h
c:\users\nourn\source\repos\demoo\demoo\x64\debug\rcc\qrc_demoo.cpp
c:\users\nourn\source\repos\demoo\demoo\x64\debug\moc\moc_demoo.cpp
c:\users\nourn\source\repos\demoo\x64\debug\demoo.exe
c:\users\nourn\source\repos\demoo\x64\debug\demoo.ilk
c:\users\nourn\source\repos\demoo\x64\debug\demoo.pdb
c:\users\nourn\source\repos\demoo\demoo\x64\debug\demoo.tlog\cl.command.1.tlog
c:\users\nourn\source\repos\demoo\demoo\x64\debug\demoo.tlog\cl.read.1.tlog
c:\users\nourn\source\repos\demoo\demoo\x64\debug\demoo.tlog\cl.write.1.tlog
c:\users\nourn\source\repos\demoo\demoo\x64\debug\demoo.tlog\demoo.write.1u.tlog
c:\users\nourn\source\repos\demoo\demoo\x64\debug\demoo.tlog\link.command.1.tlog
c:\users\nourn\source\repos\demoo\demoo\x64\debug\demoo.tlog\link.read.1.tlog
c:\users\nourn\source\repos\demoo\demoo\x64\debug\demoo.tlog\link.write.1.tlog
c:\users\nourn\source\repos\demoo\demoo\x64\debug\demoo.tlog\moc.read.1u.tlog
c:\users\nourn\source\repos\demoo\demoo\x64\debug\demoo.tlog\moc.write.1u.tlog
c:\users\nourn\source\repos\demoo\demoo\x64\debug\demoo.tlog\rcc.read.1u.tlog
c:\users\nourn\source\repos\demoo\demoo\x64\debug\demoo.tlog\rcc.write.1u.tlog
c:\users\nourn\source\repos\demoo\demoo\x64\debug\demoo.tlog\uic.read.1u.tlog
c:\users\nourn\source\repos\demoo\demoo\x64\debug\demoo.tlog\uic.write.1u.tlog
